e:\rt3d-project\rt3dproject\debug\rt3dproject.ilk
e:\rt3d-project\rt3dproject\debug\rt3dproject.exe
e:\rt3d-project\rt3dproject\debug\rt3dproject.pdb
e:\rt3d-project\rt3dproject\rt3dproject\debug\vc140.pdb
e:\rt3d-project\rt3dproject\rt3dproject\debug\vc140.idb
e:\rt3d-project\rt3dproject\rt3dproject\debug\md2model.obj
e:\rt3d-project\rt3dproject\rt3dproject\debug\rt3d.obj
e:\rt3d-project\rt3dproject\rt3dproject\debug\rt3dobjloader.obj
e:\rt3d-project\rt3dproject\rt3dproject\debug\skybox.obj
e:\rt3d-project\rt3dproject\rt3dproject\debug\main.obj
f:\rt3d-project\rt3dproject\rt3dproject\debug\vc140.pdb
f:\rt3d-project\rt3dproject\rt3dproject\debug\main.obj
f:\rt3d-project\rt3dproject\rt3dproject\debug\model.obj.enc
f:\rt3d-project\rt3dproject\rt3dproject\debug\vc140.idb
f:\rt3d-project\rt3dproject\debug\rt3dproject.pdb
f:\rt3d-project\rt3dproject\debug\rt3dproject.exe
f:\rt3d-project\rt3dproject\debug\rt3dproject.ilk
f:\rt3d-project\rt3dproject\rt3dproject\debug\rt3dproject.tlog\cl.command.1.tlog
f:\rt3d-project\rt3dproject\rt3dproject\debug\rt3dproject.tlog\link.command.1.tlog
f:\rt3d-project\rt3dproject\rt3dproject\debug\rt3dproject.tlog\cl.read.1.tlog
f:\rt3d-project\rt3dproject\rt3dproject\debug\rt3dproject.tlog\link.read.1.tlog
f:\rt3d-project\rt3dproject\rt3dproject\debug\rt3dproject.tlog\link.write.1.tlog
f:\rt3d-project\rt3dproject\rt3dproject\debug\rt3dproject.tlog\cl.write.1.tlog
